{"contracts/CustomAdmin.sol":{"l":{"32":79,"33":67,"39":14,"40":14,"42":11,"44":10,"46":10,"47":10,"53":6,"54":24,"59":24,"60":24,"62":24,"66":6,"72":10,"73":10,"76":8,"78":8,"79":8,"80":8,"86":1,"87":4,"92":4,"93":4,"95":4,"99":1,"104":115,"105":60,"108":55},"path":"/Users/biod/Desktop/projects/KuBitXCrowdsale/contracts/CustomAdmin.sol","s":{"1":79,"2":14,"3":14,"4":11,"5":10,"6":10,"7":10,"8":6,"9":24,"10":24,"11":24,"12":24,"13":6,"14":10,"15":10,"16":8,"17":8,"18":8,"19":8,"20":1,"21":4,"22":4,"23":4,"24":4,"25":1,"26":115,"27":60,"28":55},"b":{"1":[67,12],"2":[14,0],"3":[11,3],"4":[10,1],"5":[24,0],"6":[10,0],"7":[8,2],"8":[8,0],"9":[4,0],"10":[60,55]},"f":{"1":79,"2":14,"3":6,"4":10,"5":1,"6":115},"fnMap":{"1":{"name":"onlyAdmin","line":31,"loc":{"start":{"line":31,"column":2},"end":{"line":31,"column":22}}},"2":{"name":"addAdmin","line":38,"loc":{"start":{"line":38,"column":2},"end":{"line":38,"column":70}}},"3":{"name":"addManyAdmins","line":52,"loc":{"start":{"line":52,"column":2},"end":{"line":52,"column":78}}},"4":{"name":"removeAdmin","line":71,"loc":{"start":{"line":71,"column":2},"end":{"line":71,"column":73}}},"5":{"name":"removeManyAdmins","line":85,"loc":{"start":{"line":85,"column":2},"end":{"line":85,"column":81}}},"6":{"name":"isAdmin","line":103,"loc":{"start":{"line":103,"column":2},"end":{"line":103,"column":62}}}},"statementMap":{"1":{"start":{"line":32,"column":4},"end":{"line":32,"column":52}},"2":{"start":{"line":39,"column":4},"end":{"line":39,"column":54}},"3":{"start":{"line":40,"column":4},"end":{"line":40,"column":74}},"4":{"start":{"line":42,"column":4},"end":{"line":42,"column":106}},"5":{"start":{"line":44,"column":4},"end":{"line":44,"column":26}},"6":{"start":{"line":46,"column":4},"end":{"line":46,"column":29}},"7":{"start":{"line":47,"column":4},"end":{"line":47,"column":15}},"8":{"start":{"line":53,"column":4},"end":{"line":53,"column":1867}},"9":{"start":{"line":54,"column":6},"end":{"line":54,"column":35}},"10":{"start":{"line":59,"column":6},"end":{"line":59,"column":2115}},"11":{"start":{"line":60,"column":8},"end":{"line":60,"column":29}},"12":{"start":{"line":62,"column":8},"end":{"line":62,"column":37}},"13":{"start":{"line":66,"column":4},"end":{"line":66,"column":15}},"14":{"start":{"line":72,"column":4},"end":{"line":72,"column":54}},"15":{"start":{"line":73,"column":4},"end":{"line":73,"column":68}},"16":{"start":{"line":76,"column":4},"end":{"line":76,"column":106}},"17":{"start":{"line":78,"column":4},"end":{"line":78,"column":27}},"18":{"start":{"line":79,"column":4},"end":{"line":79,"column":31}},"19":{"start":{"line":80,"column":4},"end":{"line":80,"column":15}},"20":{"start":{"line":86,"column":4},"end":{"line":86,"column":3116}},"21":{"start":{"line":87,"column":6},"end":{"line":87,"column":35}},"22":{"start":{"line":92,"column":6},"end":{"line":92,"column":3418}},"23":{"start":{"line":93,"column":8},"end":{"line":93,"column":30}},"24":{"start":{"line":95,"column":8},"end":{"line":95,"column":39}},"25":{"start":{"line":99,"column":4},"end":{"line":99,"column":15}},"26":{"start":{"line":104,"column":4},"end":{"line":104,"column":3721}},"27":{"start":{"line":105,"column":6},"end":{"line":105,"column":17}},"28":{"start":{"line":108,"column":4},"end":{"line":108,"column":27}}},"branchMap":{"1":{"line":32,"type":"if","locations":[{"start":{"line":32,"column":4},"end":{"line":32,"column":4}},{"start":{"line":32,"column":4},"end":{"line":32,"column":4}}]},"2":{"line":39,"type":"if","locations":[{"start":{"line":39,"column":4},"end":{"line":39,"column":4}},{"start":{"line":39,"column":4},"end":{"line":39,"column":4}}]},"3":{"line":40,"type":"if","locations":[{"start":{"line":40,"column":4},"end":{"line":40,"column":4}},{"start":{"line":40,"column":4},"end":{"line":40,"column":4}}]},"4":{"line":42,"type":"if","locations":[{"start":{"line":42,"column":4},"end":{"line":42,"column":4}},{"start":{"line":42,"column":4},"end":{"line":42,"column":4}}]},"5":{"line":59,"type":"if","locations":[{"start":{"line":59,"column":6},"end":{"line":59,"column":6}},{"start":{"line":59,"column":6},"end":{"line":59,"column":6}}]},"6":{"line":72,"type":"if","locations":[{"start":{"line":72,"column":4},"end":{"line":72,"column":4}},{"start":{"line":72,"column":4},"end":{"line":72,"column":4}}]},"7":{"line":73,"type":"if","locations":[{"start":{"line":73,"column":4},"end":{"line":73,"column":4}},{"start":{"line":73,"column":4},"end":{"line":73,"column":4}}]},"8":{"line":76,"type":"if","locations":[{"start":{"line":76,"column":4},"end":{"line":76,"column":4}},{"start":{"line":76,"column":4},"end":{"line":76,"column":4}}]},"9":{"line":92,"type":"if","locations":[{"start":{"line":92,"column":6},"end":{"line":92,"column":6}},{"start":{"line":92,"column":6},"end":{"line":92,"column":6}}]},"10":{"line":104,"type":"if","locations":[{"start":{"line":104,"column":4},"end":{"line":104,"column":4}},{"start":{"line":104,"column":4},"end":{"line":104,"column":4}}]}}},"contracts/CustomPausable.sol":{"l":{"31":51,"32":48,"37":1,"38":1,"43":6,"44":6,"49":1,"50":1},"path":"/Users/biod/Desktop/projects/KuBitXCrowdsale/contracts/CustomPausable.sol","s":{"1":51,"2":1,"3":6,"4":6,"5":1,"6":1},"b":{"1":[48,3],"2":[1,0]},"f":{"1":51,"2":1,"3":6,"4":1},"fnMap":{"1":{"name":"whenNotPaused","line":30,"loc":{"start":{"line":30,"column":2},"end":{"line":30,"column":26}}},"2":{"name":"whenPaused","line":36,"loc":{"start":{"line":36,"column":2},"end":{"line":36,"column":23}}},"3":{"name":"pause","line":42,"loc":{"start":{"line":42,"column":2},"end":{"line":42,"column":51}}},"4":{"name":"unpause","line":48,"loc":{"start":{"line":48,"column":2},"end":{"line":48,"column":50}}}},"statementMap":{"1":{"start":{"line":31,"column":4},"end":{"line":31,"column":59}},"2":{"start":{"line":37,"column":4},"end":{"line":37,"column":55}},"3":{"start":{"line":43,"column":4},"end":{"line":43,"column":16}},"4":{"start":{"line":44,"column":4},"end":{"line":44,"column":17}},"5":{"start":{"line":49,"column":4},"end":{"line":49,"column":17}},"6":{"start":{"line":50,"column":4},"end":{"line":50,"column":19}}},"branchMap":{"1":{"line":31,"type":"if","locations":[{"start":{"line":31,"column":4},"end":{"line":31,"column":4}},{"start":{"line":31,"column":4},"end":{"line":31,"column":4}}]},"2":{"line":37,"type":"if","locations":[{"start":{"line":37,"column":4},"end":{"line":37,"column":4}},{"start":{"line":37,"column":4},"end":{"line":37,"column":4}}]}}},"contracts/CustomWhitelist.sol":{"l":{"30":7,"31":7,"33":6,"39":15,"41":15,"42":15,"44":15,"47":15,"53":2,"54":12,"55":12,"57":12,"61":2,"67":4,"68":4,"69":4,"70":4,"73":4,"79":1,"80":4,"81":4,"83":4,"87":1,"92":46},"path":"/Users/biod/Desktop/projects/KuBitXCrowdsale/contracts/CustomWhitelist.sol","s":{"1":7,"2":7,"3":15,"4":15,"5":15,"6":15,"7":15,"8":2,"9":12,"10":12,"11":12,"12":2,"13":4,"14":4,"15":4,"16":4,"17":4,"18":1,"19":4,"20":4,"21":4,"22":1,"23":46},"b":{"1":[7,0],"2":[6,1],"3":[15,0],"4":[15,0],"5":[12,0],"6":[4,0],"7":[4,0],"8":[4,0]},"f":{"1":7,"2":15,"3":2,"4":4,"5":1,"6":46},"fnMap":{"1":{"name":"ifWhitelisted","line":29,"loc":{"start":{"line":29,"column":2},"end":{"line":29,"column":42}}},"2":{"name":"addWhitelist","line":38,"loc":{"start":{"line":38,"column":2},"end":{"line":38,"column":88}}},"3":{"name":"addManyWhitelist","line":52,"loc":{"start":{"line":52,"column":2},"end":{"line":52,"column":95}}},"4":{"name":"removeWhitelist","line":66,"loc":{"start":{"line":66,"column":2},"end":{"line":66,"column":91}}},"5":{"name":"removeManyWhitelist","line":78,"loc":{"start":{"line":78,"column":2},"end":{"line":78,"column":98}}},"6":{"name":"isWhitelisted","line":91,"loc":{"start":{"line":91,"column":2},"end":{"line":91,"column":68}}}},"statementMap":{"1":{"start":{"line":30,"column":4},"end":{"line":30,"column":68}},"2":{"start":{"line":31,"column":4},"end":{"line":31,"column":65}},"3":{"start":{"line":39,"column":4},"end":{"line":39,"column":68}},"4":{"start":{"line":41,"column":4},"end":{"line":41,"column":1421}},"5":{"start":{"line":42,"column":6},"end":{"line":42,"column":31}},"6":{"start":{"line":44,"column":6},"end":{"line":44,"column":35}},"7":{"start":{"line":47,"column":4},"end":{"line":47,"column":15}},"8":{"start":{"line":53,"column":4},"end":{"line":53,"column":1773}},"9":{"start":{"line":54,"column":6},"end":{"line":54,"column":1825}},"10":{"start":{"line":55,"column":8},"end":{"line":55,"column":37}},"11":{"start":{"line":57,"column":8},"end":{"line":57,"column":41}},"12":{"start":{"line":61,"column":4},"end":{"line":61,"column":15}},"13":{"start":{"line":67,"column":4},"end":{"line":67,"column":68}},"14":{"start":{"line":68,"column":4},"end":{"line":68,"column":2296}},"15":{"start":{"line":69,"column":6},"end":{"line":69,"column":32}},"16":{"start":{"line":70,"column":6},"end":{"line":70,"column":37}},"17":{"start":{"line":73,"column":4},"end":{"line":73,"column":15}},"18":{"start":{"line":79,"column":4},"end":{"line":79,"column":2662}},"19":{"start":{"line":80,"column":6},"end":{"line":80,"column":2714}},"20":{"start":{"line":81,"column":8},"end":{"line":81,"column":38}},"21":{"start":{"line":83,"column":8},"end":{"line":83,"column":43}},"22":{"start":{"line":87,"column":4},"end":{"line":87,"column":15}},"23":{"start":{"line":92,"column":4},"end":{"line":92,"column":30}}},"branchMap":{"1":{"line":30,"type":"if","locations":[{"start":{"line":30,"column":4},"end":{"line":30,"column":4}},{"start":{"line":30,"column":4},"end":{"line":30,"column":4}}]},"2":{"line":31,"type":"if","locations":[{"start":{"line":31,"column":4},"end":{"line":31,"column":4}},{"start":{"line":31,"column":4},"end":{"line":31,"column":4}}]},"3":{"line":39,"type":"if","locations":[{"start":{"line":39,"column":4},"end":{"line":39,"column":4}},{"start":{"line":39,"column":4},"end":{"line":39,"column":4}}]},"4":{"line":41,"type":"if","locations":[{"start":{"line":41,"column":4},"end":{"line":41,"column":4}},{"start":{"line":41,"column":4},"end":{"line":41,"column":4}}]},"5":{"line":54,"type":"if","locations":[{"start":{"line":54,"column":6},"end":{"line":54,"column":6}},{"start":{"line":54,"column":6},"end":{"line":54,"column":6}}]},"6":{"line":67,"type":"if","locations":[{"start":{"line":67,"column":4},"end":{"line":67,"column":4}},{"start":{"line":67,"column":4},"end":{"line":67,"column":4}}]},"7":{"line":68,"type":"if","locations":[{"start":{"line":68,"column":4},"end":{"line":68,"column":4}},{"start":{"line":68,"column":4},"end":{"line":68,"column":4}}]},"8":{"line":80,"type":"if","locations":[{"start":{"line":80,"column":6},"end":{"line":80,"column":6}},{"start":{"line":80,"column":6},"end":{"line":80,"column":6}}]}}},"contracts/mocks/ERC20Mock.sol":{"l":{"10":14,"14":0,"18":0,"22":0},"path":"/Users/biod/Desktop/projects/KuBitXCrowdsale/contracts/mocks/ERC20Mock.sol","s":{"1":14,"2":0,"3":0,"4":0},"b":{},"f":{"1":14,"2":0,"3":0,"4":0},"fnMap":{"1":{"name":null,"line":9,"loc":{"start":{"line":9,"column":2},"end":{"line":9,"column":68}}},"2":{"name":"mint","line":13,"loc":{"start":{"line":13,"column":2},"end":{"line":13,"column":55}}},"3":{"name":"burn","line":17,"loc":{"start":{"line":17,"column":2},"end":{"line":17,"column":55}}},"4":{"name":"burnFrom","line":21,"loc":{"start":{"line":21,"column":2},"end":{"line":21,"column":59}}}},"statementMap":{"1":{"start":{"line":10,"column":4},"end":{"line":10,"column":40}},"2":{"start":{"line":14,"column":4},"end":{"line":14,"column":25}},"3":{"start":{"line":18,"column":4},"end":{"line":18,"column":25}},"4":{"start":{"line":22,"column":4},"end":{"line":22,"column":29}}},"branchMap":{}},"contracts/TokenSale.sol":{"l":{"27":14,"28":14,"29":14,"33":2,"34":1,"35":1,"39":1,"40":1,"44":2,"45":1,"46":1,"50":2,"51":1,"52":1,"57":2,"62":6,"66":3,"67":3,"68":3},"path":"/Users/biod/Desktop/projects/KuBitXCrowdsale/contracts/TokenSale.sol","s":{"1":14,"2":14,"3":14,"4":2,"5":1,"6":1,"7":2,"8":1,"9":1,"10":2,"11":1,"12":1,"13":2,"14":3,"15":3,"16":3},"b":{"1":[14,0],"2":[1,1],"3":[1,1],"4":[1,1]},"f":{"1":14,"2":2,"3":1,"4":2,"5":2,"6":2,"7":6,"8":3,"9":3},"fnMap":{"1":{"name":null,"line":18,"loc":{"start":{"line":18,"column":2},"end":{"line":26,"column":104}}},"2":{"name":"withdrawFunds","line":32,"loc":{"start":{"line":32,"column":2},"end":{"line":32,"column":74}}},"3":{"name":"withdrawTokens","line":38,"loc":{"start":{"line":38,"column":2},"end":{"line":38,"column":60}}},"4":{"name":"changeBonus","line":43,"loc":{"start":{"line":43,"column":2},"end":{"line":43,"column":71}}},"5":{"name":"changeRate","line":49,"loc":{"start":{"line":49,"column":2},"end":{"line":49,"column":69}}},"6":{"name":"hasClosed","line":56,"loc":{"start":{"line":56,"column":2},"end":{"line":56,"column":49}}},"7":{"name":"_preValidatePurchase","line":60,"loc":{"start":{"line":60,"column":2},"end":{"line":61,"column":49}}},"8":{"name":"_getTokenAmount","line":65,"loc":{"start":{"line":65,"column":2},"end":{"line":65,"column":77}}},"9":{"name":"_forwardFunds","line":71,"loc":{"start":{"line":71,"column":2},"end":{"line":71,"column":35}}}},"statementMap":{"1":{"start":{"line":27,"column":4},"end":{"line":27,"column":54}},"2":{"start":{"line":28,"column":4},"end":{"line":28,"column":17}},"3":{"start":{"line":29,"column":4},"end":{"line":29,"column":15}},"4":{"start":{"line":33,"column":4},"end":{"line":33,"column":86}},"5":{"start":{"line":35,"column":4},"end":{"line":35,"column":44}},"6":{"start":{"line":39,"column":4},"end":{"line":39,"column":27}},"7":{"start":{"line":44,"column":4},"end":{"line":44,"column":54}},"8":{"start":{"line":45,"column":4},"end":{"line":45,"column":36}},"9":{"start":{"line":46,"column":4},"end":{"line":46,"column":17}},"10":{"start":{"line":50,"column":4},"end":{"line":50,"column":52}},"11":{"start":{"line":51,"column":4},"end":{"line":51,"column":33}},"12":{"start":{"line":52,"column":4},"end":{"line":52,"column":15}},"13":{"start":{"line":57,"column":4},"end":{"line":57,"column":50}},"14":{"start":{"line":66,"column":4},"end":{"line":66,"column":44}},"15":{"start":{"line":67,"column":4},"end":{"line":67,"column":56}},"16":{"start":{"line":68,"column":4},"end":{"line":68,"column":39}}},"branchMap":{"1":{"line":27,"type":"if","locations":[{"start":{"line":27,"column":4},"end":{"line":27,"column":4}},{"start":{"line":27,"column":4},"end":{"line":27,"column":4}}]},"2":{"line":33,"type":"if","locations":[{"start":{"line":33,"column":4},"end":{"line":33,"column":4}},{"start":{"line":33,"column":4},"end":{"line":33,"column":4}}]},"3":{"line":44,"type":"if","locations":[{"start":{"line":44,"column":4},"end":{"line":44,"column":4}},{"start":{"line":44,"column":4},"end":{"line":44,"column":4}}]},"4":{"line":50,"type":"if","locations":[{"start":{"line":50,"column":4},"end":{"line":50,"column":4}},{"start":{"line":50,"column":4},"end":{"line":50,"column":4}}]}}}}