{"contracts/CustomAdmin.sol":{"l":{"32":21,"33":16,"39":0,"40":0,"42":0,"44":0,"46":0,"52":0,"53":0,"58":0,"59":0,"61":0,"69":0,"70":0,"73":0,"75":0,"76":0,"82":0,"83":0,"88":0,"89":0,"91":0,"98":21,"99":16,"102":5},"path":"/Users/biod/Desktop/projects/KuBitXCrowdsale/contracts/CustomAdmin.sol","s":{"1":21,"2":0,"3":0,"4":0,"5":0,"6":0,"7":0,"8":0,"9":0,"10":0,"11":0,"12":0,"13":0,"14":0,"15":0,"16":0,"17":0,"18":0,"19":0,"20":0,"21":0,"22":21,"23":16,"24":5},"b":{"1":[16,5],"2":[0,0],"3":[0,0],"4":[0,0],"5":[0,0],"6":[0,0],"7":[0,0],"8":[0,0],"9":[0,0],"10":[16,5]},"f":{"1":21,"2":0,"3":0,"4":0,"5":0,"6":21},"fnMap":{"1":{"name":"onlyAdmin","line":31,"loc":{"start":{"line":31,"column":2},"end":{"line":31,"column":22}}},"2":{"name":"addAdmin","line":38,"loc":{"start":{"line":38,"column":2},"end":{"line":38,"column":56}}},"3":{"name":"addManyAdmins","line":51,"loc":{"start":{"line":51,"column":2},"end":{"line":51,"column":64}}},"4":{"name":"removeAdmin","line":68,"loc":{"start":{"line":68,"column":2},"end":{"line":68,"column":59}}},"5":{"name":"removeManyAdmins","line":81,"loc":{"start":{"line":81,"column":2},"end":{"line":81,"column":67}}},"6":{"name":"isAdmin","line":97,"loc":{"start":{"line":97,"column":2},"end":{"line":97,"column":62}}}},"statementMap":{"1":{"start":{"line":32,"column":4},"end":{"line":32,"column":52}},"2":{"start":{"line":39,"column":4},"end":{"line":39,"column":54}},"3":{"start":{"line":40,"column":4},"end":{"line":40,"column":74}},"4":{"start":{"line":42,"column":4},"end":{"line":42,"column":106}},"5":{"start":{"line":44,"column":4},"end":{"line":44,"column":26}},"6":{"start":{"line":46,"column":4},"end":{"line":46,"column":29}},"7":{"start":{"line":52,"column":4},"end":{"line":52,"column":1822}},"8":{"start":{"line":53,"column":6},"end":{"line":53,"column":35}},"9":{"start":{"line":58,"column":6},"end":{"line":58,"column":2070}},"10":{"start":{"line":59,"column":8},"end":{"line":59,"column":29}},"11":{"start":{"line":61,"column":8},"end":{"line":61,"column":37}},"12":{"start":{"line":69,"column":4},"end":{"line":69,"column":54}},"13":{"start":{"line":70,"column":4},"end":{"line":70,"column":68}},"14":{"start":{"line":73,"column":4},"end":{"line":73,"column":106}},"15":{"start":{"line":75,"column":4},"end":{"line":75,"column":27}},"16":{"start":{"line":76,"column":4},"end":{"line":76,"column":31}},"17":{"start":{"line":82,"column":4},"end":{"line":82,"column":3008}},"18":{"start":{"line":83,"column":6},"end":{"line":83,"column":35}},"19":{"start":{"line":88,"column":6},"end":{"line":88,"column":3310}},"20":{"start":{"line":89,"column":8},"end":{"line":89,"column":30}},"21":{"start":{"line":91,"column":8},"end":{"line":91,"column":39}},"22":{"start":{"line":98,"column":4},"end":{"line":98,"column":3595}},"23":{"start":{"line":99,"column":6},"end":{"line":99,"column":17}},"24":{"start":{"line":102,"column":4},"end":{"line":102,"column":27}}},"branchMap":{"1":{"line":32,"type":"if","locations":[{"start":{"line":32,"column":4},"end":{"line":32,"column":4}},{"start":{"line":32,"column":4},"end":{"line":32,"column":4}}]},"2":{"line":39,"type":"if","locations":[{"start":{"line":39,"column":4},"end":{"line":39,"column":4}},{"start":{"line":39,"column":4},"end":{"line":39,"column":4}}]},"3":{"line":40,"type":"if","locations":[{"start":{"line":40,"column":4},"end":{"line":40,"column":4}},{"start":{"line":40,"column":4},"end":{"line":40,"column":4}}]},"4":{"line":42,"type":"if","locations":[{"start":{"line":42,"column":4},"end":{"line":42,"column":4}},{"start":{"line":42,"column":4},"end":{"line":42,"column":4}}]},"5":{"line":58,"type":"if","locations":[{"start":{"line":58,"column":6},"end":{"line":58,"column":6}},{"start":{"line":58,"column":6},"end":{"line":58,"column":6}}]},"6":{"line":69,"type":"if","locations":[{"start":{"line":69,"column":4},"end":{"line":69,"column":4}},{"start":{"line":69,"column":4},"end":{"line":69,"column":4}}]},"7":{"line":70,"type":"if","locations":[{"start":{"line":70,"column":4},"end":{"line":70,"column":4}},{"start":{"line":70,"column":4},"end":{"line":70,"column":4}}]},"8":{"line":73,"type":"if","locations":[{"start":{"line":73,"column":4},"end":{"line":73,"column":4}},{"start":{"line":73,"column":4},"end":{"line":73,"column":4}}]},"9":{"line":88,"type":"if","locations":[{"start":{"line":88,"column":6},"end":{"line":88,"column":6}},{"start":{"line":88,"column":6},"end":{"line":88,"column":6}}]},"10":{"line":98,"type":"if","locations":[{"start":{"line":98,"column":4},"end":{"line":98,"column":4}},{"start":{"line":98,"column":4},"end":{"line":98,"column":4}}]}}},"contracts/CustomPausable.sol":{"l":{"31":30,"32":27,"37":0,"38":0,"43":4,"44":4,"49":0,"50":0},"path":"/Users/biod/Desktop/projects/KuBitXCrowdsale/contracts/CustomPausable.sol","s":{"1":30,"2":0,"3":4,"4":4,"5":0,"6":0},"b":{"1":[27,3],"2":[0,0]},"f":{"1":30,"2":0,"3":4,"4":0},"fnMap":{"1":{"name":"whenNotPaused","line":30,"loc":{"start":{"line":30,"column":2},"end":{"line":30,"column":26}}},"2":{"name":"whenPaused","line":36,"loc":{"start":{"line":36,"column":2},"end":{"line":36,"column":23}}},"3":{"name":"pause","line":42,"loc":{"start":{"line":42,"column":2},"end":{"line":42,"column":51}}},"4":{"name":"unpause","line":48,"loc":{"start":{"line":48,"column":2},"end":{"line":48,"column":50}}}},"statementMap":{"1":{"start":{"line":31,"column":4},"end":{"line":31,"column":59}},"2":{"start":{"line":37,"column":4},"end":{"line":37,"column":55}},"3":{"start":{"line":43,"column":4},"end":{"line":43,"column":16}},"4":{"start":{"line":44,"column":4},"end":{"line":44,"column":17}},"5":{"start":{"line":49,"column":4},"end":{"line":49,"column":17}},"6":{"start":{"line":50,"column":4},"end":{"line":50,"column":19}}},"branchMap":{"1":{"line":31,"type":"if","locations":[{"start":{"line":31,"column":4},"end":{"line":31,"column":4}},{"start":{"line":31,"column":4},"end":{"line":31,"column":4}}]},"2":{"line":37,"type":"if","locations":[{"start":{"line":37,"column":4},"end":{"line":37,"column":4}},{"start":{"line":37,"column":4},"end":{"line":37,"column":4}}]}}},"contracts/CustomWhitelist.sol":{"l":{"30":7,"31":7,"33":6,"39":7,"41":7,"42":7,"44":7,"51":0,"52":0,"53":0,"55":0,"63":0,"64":0,"65":0,"66":0,"73":0,"74":0,"75":0,"77":0},"path":"/Users/biod/Desktop/projects/KuBitXCrowdsale/contracts/CustomWhitelist.sol","s":{"1":7,"2":7,"3":7,"4":7,"5":7,"6":7,"7":0,"8":0,"9":0,"10":0,"11":0,"12":0,"13":0,"14":0,"15":0,"16":0,"17":0,"18":0},"b":{"1":[7,0],"2":[6,1],"3":[7,0],"4":[7,0],"5":[0,0],"6":[0,0],"7":[0,0],"8":[0,0]},"f":{"1":7,"2":7,"3":0,"4":0,"5":0},"fnMap":{"1":{"name":"ifWhitelisted","line":29,"loc":{"start":{"line":29,"column":2},"end":{"line":29,"column":42}}},"2":{"name":"addWhitelist","line":38,"loc":{"start":{"line":38,"column":2},"end":{"line":38,"column":74}}},"3":{"name":"addManyWhitelist","line":50,"loc":{"start":{"line":50,"column":2},"end":{"line":50,"column":81}}},"4":{"name":"removeWhitelist","line":62,"loc":{"start":{"line":62,"column":2},"end":{"line":62,"column":77}}},"5":{"name":"removeManyWhitelist","line":72,"loc":{"start":{"line":72,"column":2},"end":{"line":72,"column":84}}}},"statementMap":{"1":{"start":{"line":30,"column":4},"end":{"line":30,"column":68}},"2":{"start":{"line":31,"column":4},"end":{"line":31,"column":61}},"3":{"start":{"line":39,"column":4},"end":{"line":39,"column":68}},"4":{"start":{"line":41,"column":4},"end":{"line":41,"column":1403}},"5":{"start":{"line":42,"column":6},"end":{"line":42,"column":31}},"6":{"start":{"line":44,"column":6},"end":{"line":44,"column":35}},"7":{"start":{"line":51,"column":4},"end":{"line":51,"column":1723}},"8":{"start":{"line":52,"column":6},"end":{"line":52,"column":1775}},"9":{"start":{"line":53,"column":8},"end":{"line":53,"column":37}},"10":{"start":{"line":55,"column":8},"end":{"line":55,"column":41}},"11":{"start":{"line":63,"column":4},"end":{"line":63,"column":68}},"12":{"start":{"line":64,"column":4},"end":{"line":64,"column":2214}},"13":{"start":{"line":65,"column":6},"end":{"line":65,"column":32}},"14":{"start":{"line":66,"column":6},"end":{"line":66,"column":37}},"15":{"start":{"line":73,"column":4},"end":{"line":73,"column":2548}},"16":{"start":{"line":74,"column":6},"end":{"line":74,"column":2600}},"17":{"start":{"line":75,"column":8},"end":{"line":75,"column":38}},"18":{"start":{"line":77,"column":8},"end":{"line":77,"column":43}}},"branchMap":{"1":{"line":30,"type":"if","locations":[{"start":{"line":30,"column":4},"end":{"line":30,"column":4}},{"start":{"line":30,"column":4},"end":{"line":30,"column":4}}]},"2":{"line":31,"type":"if","locations":[{"start":{"line":31,"column":4},"end":{"line":31,"column":4}},{"start":{"line":31,"column":4},"end":{"line":31,"column":4}}]},"3":{"line":39,"type":"if","locations":[{"start":{"line":39,"column":4},"end":{"line":39,"column":4}},{"start":{"line":39,"column":4},"end":{"line":39,"column":4}}]},"4":{"line":41,"type":"if","locations":[{"start":{"line":41,"column":4},"end":{"line":41,"column":4}},{"start":{"line":41,"column":4},"end":{"line":41,"column":4}}]},"5":{"line":52,"type":"if","locations":[{"start":{"line":52,"column":6},"end":{"line":52,"column":6}},{"start":{"line":52,"column":6},"end":{"line":52,"column":6}}]},"6":{"line":63,"type":"if","locations":[{"start":{"line":63,"column":4},"end":{"line":63,"column":4}},{"start":{"line":63,"column":4},"end":{"line":63,"column":4}}]},"7":{"line":64,"type":"if","locations":[{"start":{"line":64,"column":4},"end":{"line":64,"column":4}},{"start":{"line":64,"column":4},"end":{"line":64,"column":4}}]},"8":{"line":74,"type":"if","locations":[{"start":{"line":74,"column":6},"end":{"line":74,"column":6}},{"start":{"line":74,"column":6},"end":{"line":74,"column":6}}]}}},"contracts/mocks/ERC20Mock.sol":{"l":{"10":13,"14":0,"18":0,"22":0},"path":"/Users/biod/Desktop/projects/KuBitXCrowdsale/contracts/mocks/ERC20Mock.sol","s":{"1":13,"2":0,"3":0,"4":0},"b":{},"f":{"1":13,"2":0,"3":0,"4":0},"fnMap":{"1":{"name":null,"line":9,"loc":{"start":{"line":9,"column":2},"end":{"line":9,"column":68}}},"2":{"name":"mint","line":13,"loc":{"start":{"line":13,"column":2},"end":{"line":13,"column":55}}},"3":{"name":"burn","line":17,"loc":{"start":{"line":17,"column":2},"end":{"line":17,"column":55}}},"4":{"name":"burnFrom","line":21,"loc":{"start":{"line":21,"column":2},"end":{"line":21,"column":59}}}},"statementMap":{"1":{"start":{"line":10,"column":4},"end":{"line":10,"column":40}},"2":{"start":{"line":14,"column":4},"end":{"line":14,"column":25}},"3":{"start":{"line":18,"column":4},"end":{"line":18,"column":25}},"4":{"start":{"line":22,"column":4},"end":{"line":22,"column":29}}},"branchMap":{}},"contracts/TokenSale.sol":{"l":{"25":13,"26":13,"30":2,"31":1,"32":1,"36":1,"37":1,"41":2,"42":1,"43":1,"47":0,"52":6,"56":3,"57":3,"58":3},"path":"/Users/biod/Desktop/projects/KuBitXCrowdsale/contracts/TokenSale.sol","s":{"1":13,"2":13,"3":2,"4":1,"5":1,"6":2,"7":1,"8":1,"9":0,"10":3,"11":3,"12":3},"b":{"1":[13,0],"2":[1,1],"3":[1,1]},"f":{"1":13,"2":2,"3":1,"4":2,"5":0,"6":6,"7":3,"8":3},"fnMap":{"1":{"name":null,"line":16,"loc":{"start":{"line":16,"column":2},"end":{"line":24,"column":104}}},"2":{"name":"withdrawFunds","line":29,"loc":{"start":{"line":29,"column":2},"end":{"line":29,"column":74}}},"3":{"name":"withdrawTokens","line":35,"loc":{"start":{"line":35,"column":2},"end":{"line":35,"column":60}}},"4":{"name":"changeBonus","line":40,"loc":{"start":{"line":40,"column":2},"end":{"line":40,"column":71}}},"5":{"name":"hasClosed","line":46,"loc":{"start":{"line":46,"column":2},"end":{"line":46,"column":49}}},"6":{"name":"_preValidatePurchase","line":50,"loc":{"start":{"line":50,"column":2},"end":{"line":51,"column":49}}},"7":{"name":"_getTokenAmount","line":55,"loc":{"start":{"line":55,"column":2},"end":{"line":55,"column":77}}},"8":{"name":"_forwardFunds","line":61,"loc":{"start":{"line":61,"column":2},"end":{"line":61,"column":35}}}},"statementMap":{"1":{"start":{"line":25,"column":4},"end":{"line":25,"column":54}},"2":{"start":{"line":26,"column":4},"end":{"line":26,"column":17}},"3":{"start":{"line":30,"column":4},"end":{"line":30,"column":86}},"4":{"start":{"line":32,"column":4},"end":{"line":32,"column":44}},"5":{"start":{"line":36,"column":4},"end":{"line":36,"column":27}},"6":{"start":{"line":41,"column":4},"end":{"line":41,"column":54}},"7":{"start":{"line":42,"column":4},"end":{"line":42,"column":36}},"8":{"start":{"line":43,"column":4},"end":{"line":43,"column":17}},"9":{"start":{"line":47,"column":4},"end":{"line":47,"column":50}},"10":{"start":{"line":56,"column":4},"end":{"line":56,"column":57}},"11":{"start":{"line":57,"column":4},"end":{"line":57,"column":56}},"12":{"start":{"line":58,"column":4},"end":{"line":58,"column":39}}},"branchMap":{"1":{"line":25,"type":"if","locations":[{"start":{"line":25,"column":4},"end":{"line":25,"column":4}},{"start":{"line":25,"column":4},"end":{"line":25,"column":4}}]},"2":{"line":30,"type":"if","locations":[{"start":{"line":30,"column":4},"end":{"line":30,"column":4}},{"start":{"line":30,"column":4},"end":{"line":30,"column":4}}]},"3":{"line":41,"type":"if","locations":[{"start":{"line":41,"column":4},"end":{"line":41,"column":4}},{"start":{"line":41,"column":4},"end":{"line":41,"column":4}}]}}}}